(base) anonymous@tofu:~/compass$ python3 -m baselines.DIComP.compiler.clf
Vocab Size: 2303
Start Single Evaluation
              precision    recall  f1-score   support

  clang-10.0     0.7056    0.5721    0.6318       222
  clang-11.0     0.6597    0.5676    0.6102       222
  clang-12.0     0.5837    0.6757    0.6263       222
  clang-13.0     0.6176    0.6622    0.6391       222
   clang-4.0     0.7548    0.7072    0.7302       222
   clang-5.0     0.8263    0.6216    0.7095       222
   clang-6.0     0.6494    0.7342    0.6892       222
   clang-7.0     0.8148    0.5946    0.6875       222
   clang-8.0     0.5342    0.7748    0.6324       222
   clang-9.0     0.5932    0.7027    0.6433       222
  gcc-10.3.0     0.9349    0.7117    0.8082       222
  gcc-11.2.0     0.9022    0.9144    0.9083       222
   gcc-4.9.4     0.6451    0.9414    0.7656       222
   gcc-5.5.0     0.7672    0.6532    0.7056       222
   gcc-6.5.0     0.7111    0.7207    0.7159       222
   gcc-7.3.0     0.8515    0.7748    0.8113       222
   gcc-8.2.0     0.7943    0.7477    0.7703       222
   gcc-9.4.0     0.7897    0.7613    0.7752       222

    accuracy                         0.7132      3996
   macro avg     0.7297    0.7132    0.7144      3996
weighted avg     0.7297    0.7132    0.7144      3996