(base) anonymous@tofu:~/compass/baselines/DIComP++$ python3 amd64-clf.py features.csv features-vocab.pkl
===================PARSED FEATURE CSV====================
Number of binaries: 25839
Number of functions: 25839
Number of features: 25839
Number of UNIQUE features: 23443
====================CV: COMPILER FAMILY====================
(23443, 393) (23443,) (23443,)
/home/anonymous/anaconda3/lib/python3.9/site-packages/sklearn/svm/_base.py:1242: ConvergenceWarning: Liblinear failed to converge, increase the number of
iterations.
  warnings.warn(
              precision    recall  f1-score   support

           0     0.7164    0.6833    0.6995       281
           1     0.6416    0.7520    0.6924       250
           2     0.7538    0.7835    0.7683       254
           3     0.5347    0.6756    0.5970       262
           4     0.4906    0.3514    0.4094       296
           5     0.4723    0.4794    0.4758       267
           6     0.4048    0.5721    0.4741       208
           7     0.5208    0.3425    0.4132       219
           8     0.5365    0.3787    0.4440       272
           9     0.5816    0.6527    0.6151       262
          10     0.5811    0.6187    0.5993       278
          11     0.6477    0.4579    0.5365       273
          12     0.6194    0.5667    0.5919       270
          13     0.5877    0.6908    0.6351       262
          14     0.7154    0.6739    0.6940       276
          15     0.6744    0.5664    0.6157       256
          16     0.6643    0.7440    0.7019       250
          17     0.6942    0.8972    0.7828       253

    accuracy                         0.6038      4689
   macro avg     0.6021    0.6048    0.5970      4689
weighted avg     0.6041    0.6038    0.5977      4689

====================CV: OPTIMIZATION LEVEL====================
              precision    recall  f1-score   support

          O0     1.0000    0.9986    0.9993       718
          O1     0.8966    0.9529    0.9239       828
          O2     0.7490    0.7579    0.7535       756
          O3     0.7432    0.7735    0.7580       808
          Os     0.9949    0.9975    0.9962       788
       Ofast     0.9957    0.8761    0.9321       791

    accuracy                         0.8921      4689
   macro avg     0.8966    0.8928    0.8938      4689
weighted avg     0.8954    0.8921    0.8929      4689